
Showing logs for build [32mcb-kubecd-bdd-spring-1568818043-kk2rq-1[0m stage [32mmeta-pipeline[0m and container [32mstep-credential-initializer-rc9r6[0m
{"level":"warn","ts":1568818535.8974442,"logger":"fallback-logger","caller":"logging/config.go:69","msg":"Fetch GitHub commit ID from kodata failed: \"ref: refs/heads/master\" is not a valid GitHub commit ID"}
{"level":"info","ts":1568818535.8979337,"logger":"fallback-logger","caller":"creds-init/main.go:40","msg":"Credentials initialized."}

Showing logs for build [32mcb-kubecd-bdd-spring-1568818043-kk2rq-1[0m stage [32mmeta-pipeline[0m and container [32mstep-working-dir-initializer-gxpng[0m
{"level":"warn","ts":1568818536.8407435,"logger":"fallback-logger","caller":"logging/config.go:69","msg":"Fetch GitHub commit ID from kodata failed: open /var/run/ko/HEAD: no such file or directory"}
{"level":"info","ts":1568818536.842855,"logger":"fallback-logger","caller":"bash/main.go:65","msg":"Successfully executed command \"mkdir -p /workspace/source\""}

Showing logs for build [32mcb-kubecd-bdd-spring-1568818043-kk2rq-1[0m stage [32mmeta-pipeline[0m and container [32mstep-place-tools[0m

Showing logs for build [32mcb-kubecd-bdd-spring-1568818043-kk2rq-1[0m stage [32mmeta-pipeline[0m and container [32mstep-git-source-meta-cb-kubecd-bdd-spring-15688-gx9zf[0m
{"level":"warn","ts":1568818542.9568002,"logger":"fallback-logger","caller":"logging/config.go:69","msg":"Fetch GitHub commit ID from kodata failed: \"ref: refs/heads/master\" is not a valid GitHub commit ID"}
{"level":"info","ts":1568818544.189267,"logger":"fallback-logger","caller":"git/git.go:102","msg":"Successfully cloned https://github.com/cb-kubecd/bdd-spring-1568818043.git @ c12213c21a9eb7eef2ea714ede0a4435da8afdc9 in path /workspace/source"}

Showing logs for build [32mcb-kubecd-bdd-spring-1568818043-kk2rq-1[0m stage [32mmeta-pipeline[0m and container [32mstep-git-merge[0m
Using SHAs from PULL_REFS=master:c12213c21a9eb7eef2ea714ede0a4435da8afdc9,1:dcfa26493cff6778f8b23b513baa159d720f10aa
DEBUG: ran git fetch --unshallow origin dcfa26493cff6778f8b23b513baa159d720f10aa: c12213c21a9eb7eef2ea714ede0a4435da8afdc9: in 
DEBUG: ran git checkout master in 
DEBUG: ran git reset --hard c12213c21a9eb7eef2ea714ede0a4435da8afdc9 in 
DEBUG: ran clean --force -d . in 
DEBUG: ran git merge dcfa26493cff6778f8b23b513baa159d720f10aa in 
Merged SHA dcfa26493cff6778f8b23b513baa159d720f10aa with commit message 'My first PR commit' into base branch master

Showing logs for build [32mcb-kubecd-bdd-spring-1568818043-kk2rq-1[0m stage [32mmeta-pipeline[0m and container [32mstep-merge-pull-refs[0m
DEBUG: ran git fetch origin dcfa26493cff6778f8b23b513baa159d720f10aa: c12213c21a9eb7eef2ea714ede0a4435da8afdc9: in 
DEBUG: Unshallowed git repo in 
DEBUG: ran git checkout master in 
DEBUG: ran git reset --hard c12213c21a9eb7eef2ea714ede0a4435da8afdc9 in 
DEBUG: ran clean --force -d . in 
DEBUG: ran git merge dcfa26493cff6778f8b23b513baa159d720f10aa in 
Merged SHA dcfa26493cff6778f8b23b513baa159d720f10aa with commit message 'My first PR commit' into base branch master

Showing logs for build [32mcb-kubecd-bdd-spring-1568818043-kk2rq-1[0m stage [32mmeta-pipeline[0m and container [32mstep-create-effective-pipeline[0m
Deleting and cloning the Jenkins X versions repo
Cloning the Jenkins X versions repo https://github.com/jenkins-x/jenkins-x-versions.git with ref refs/heads/master to /builder/home/.**/jenkins-x-versions
Effective pipeline written to jenkins-x-serverless-jenkins-effective.yml

Showing logs for build [32mcb-kubecd-bdd-spring-1568818043-kk2rq-1[0m stage [32mmeta-pipeline[0m and container [32mstep-create-tekton-crds[0m
PipelineActivity for cb-kubecd-bdd-spring-1568818043-PR-1-1
Applying changes 
upserted PipelineResource cb-kubecd-bdd-spring-1568818043 for the git repository https://github.com/cb-kubecd/bdd-spring-1568818043.git
upserted Task cb-kubecd-bdd-spring-1568818043-kk2rq-from-build-pack-1
upserted Pipeline cb-kubecd-bdd-spring-1568818043-kk2rq-1
created PipelineRun cb-kubecd-bdd-spring-1568818043-kk2rq-1
created PipelineStructure cb-kubecd-bdd-spring-1568818043-kk2rq-1

Showing logs for build [32mcb-kubecd-bdd-spring-1568818043-kk2rq-1[0m stage [32mfrom-build-pack[0m and container [32mstep-credential-initializer-6cvnx[0m
{"level":"warn","ts":1568818556.4139543,"logger":"fallback-logger","caller":"logging/config.go:69","msg":"Fetch GitHub commit ID from kodata failed: \"ref: refs/heads/master\" is not a valid GitHub commit ID"}
{"level":"info","ts":1568818556.4145043,"logger":"fallback-logger","caller":"creds-init/main.go:40","msg":"Credentials initialized."}

Showing logs for build [32mcb-kubecd-bdd-spring-1568818043-kk2rq-1[0m stage [32mfrom-build-pack[0m and container [32mstep-working-dir-initializer-cvj8b[0m
{"level":"warn","ts":1568818557.349746,"logger":"fallback-logger","caller":"logging/config.go:69","msg":"Fetch GitHub commit ID from kodata failed: open /var/run/ko/HEAD: no such file or directory"}
{"level":"info","ts":1568818557.350971,"logger":"fallback-logger","caller":"bash/main.go:65","msg":"Successfully executed command \"mkdir -p /workspace/source /workspace/source/charts/preview\""}

Showing logs for build [32mcb-kubecd-bdd-spring-1568818043-kk2rq-1[0m stage [32mfrom-build-pack[0m and container [32mstep-place-tools[0m

Showing logs for build [32mcb-kubecd-bdd-spring-1568818043-kk2rq-1[0m stage [32mfrom-build-pack[0m and container [32mstep-git-source-cb-kubecd-bdd-spring-1568818043-hhcnz[0m
{"level":"warn","ts":1568818567.4489334,"logger":"fallback-logger","caller":"logging/config.go:69","msg":"Fetch GitHub commit ID from kodata failed: \"ref: refs/heads/master\" is not a valid GitHub commit ID"}
{"level":"info","ts":1568818568.6549754,"logger":"fallback-logger","caller":"git/git.go:102","msg":"Successfully cloned https://github.com/cb-kubecd/bdd-spring-1568818043.git @ master in path /workspace/source"}

Showing logs for build [32mcb-kubecd-bdd-spring-1568818043-kk2rq-1[0m stage [32mfrom-build-pack[0m and container [32mstep-git-merge[0m
Using SHAs from PULL_REFS=master:c12213c21a9eb7eef2ea714ede0a4435da8afdc9,1:dcfa26493cff6778f8b23b513baa159d720f10aa
DEBUG: ran git fetch --unshallow origin dcfa26493cff6778f8b23b513baa159d720f10aa: c12213c21a9eb7eef2ea714ede0a4435da8afdc9: in 
DEBUG: ran git checkout master in 
DEBUG: ran git reset --hard c12213c21a9eb7eef2ea714ede0a4435da8afdc9 in 
DEBUG: ran clean --force -d . in 
DEBUG: ran git merge dcfa26493cff6778f8b23b513baa159d720f10aa in 
Merged SHA dcfa26493cff6778f8b23b513baa159d720f10aa with commit message 'My first PR commit' into base branch master

Showing logs for build [32mcb-kubecd-bdd-spring-1568818043-kk2rq-1[0m stage [32mfrom-build-pack[0m and container [32mstep-build-set-version[0m
Picked up _JAVA_OPTIONS: -XX:+UnlockExperimentalVMOptions -XX:+UseCGroupMemoryLimitForHeap -Dsun.zip.disableMemoryMapping=true -XX:+UseParallelGC -XX:MinHeapFreeRatio=5 -XX:MaxHeapFreeRatio=10 -XX:GCTimeRatio=4 -XX:AdaptiveSizePolicyWeight=90 -Xms10m -Xmx192m
OpenJDK 64-Bit Server VM warning: If the number of processors is expected to increase from one, then you should configure the number of parallel GC threads appropriately using -XX:ParallelGCThreads=N
[INFO] Scanning for projects...
[INFO] 
[INFO] -----------------< com.example:bdd-spring-1568818043 >------------------
[INFO] Building demo 0.0.1-SNAPSHOT
[INFO] --------------------------------[ jar ]---------------------------------
[INFO] 
[INFO] --- versions-maven-plugin:2.7:set (default-cli) @ bdd-spring-1568818043 ---
[INFO] Searching for local aggregator root...
[INFO] Local aggregation root: /workspace/source
[INFO] Processing change of com.example:bdd-spring-1568818043:0.0.1-SNAPSHOT -> 0.0.0-SNAPSHOT-PR-1-1
[INFO] Processing com.example:bdd-spring-1568818043
[INFO]     Updating project com.example:bdd-spring-1568818043
[INFO]         from version 0.0.1-SNAPSHOT to 0.0.0-SNAPSHOT-PR-1-1
[INFO] 
[INFO] ------------------------------------------------------------------------
[INFO] BUILD SUCCESS
[INFO] ------------------------------------------------------------------------
[INFO] Total time:  12.591 s
[INFO] Finished at: 2019-09-18T14:56:25Z
[INFO] ------------------------------------------------------------------------

Showing logs for build [32mcb-kubecd-bdd-spring-1568818043-kk2rq-1[0m stage [32mfrom-build-pack[0m and container [32mstep-build-mvn-install[0m
Picked up _JAVA_OPTIONS: -XX:+UnlockExperimentalVMOptions -XX:+UseCGroupMemoryLimitForHeap -Dsun.zip.disableMemoryMapping=true -XX:+UseParallelGC -XX:MinHeapFreeRatio=5 -XX:MaxHeapFreeRatio=10 -XX:GCTimeRatio=4 -XX:AdaptiveSizePolicyWeight=90 -Xms10m -Xmx192m
OpenJDK 64-Bit Server VM warning: If the number of processors is expected to increase from one, then you should configure the number of parallel GC threads appropriately using -XX:ParallelGCThreads=N
[INFO] Scanning for projects...
[INFO] 
[INFO] -----------------< com.example:bdd-spring-1568818043 >------------------
[INFO] Building demo 0.0.0-SNAPSHOT-PR-1-1
[INFO] --------------------------------[ jar ]---------------------------------
[INFO] 
[INFO] --- maven-resources-plugin:3.1.0:resources (default-resources) @ bdd-spring-1568818043 ---
[INFO] Using 'UTF-8' encoding to copy filtered resources.
[INFO] Copying 1 resource
[INFO] Copying 0 resource
[INFO] 
[INFO] --- maven-compiler-plugin:3.8.1:compile (default-compile) @ bdd-spring-1568818043 ---
[INFO] Changes detected - recompiling the module!
[INFO] Compiling 1 source file to /workspace/source/target/classes
[INFO] 
[INFO] --- maven-resources-plugin:3.1.0:testResources (default-testResources) @ bdd-spring-1568818043 ---
[INFO] Using 'UTF-8' encoding to copy filtered resources.
[INFO] skip non existing resourceDirectory /workspace/source/src/test/resources
[INFO] 
[INFO] --- maven-compiler-plugin:3.8.1:testCompile (default-testCompile) @ bdd-spring-1568818043 ---
[INFO] Changes detected - recompiling the module!
[INFO] Compiling 1 source file to /workspace/source/target/test-classes
[INFO] 
[INFO] --- maven-surefire-plugin:3.0.0-M1:test (default-test) @ bdd-spring-1568818043 ---
[INFO] 
[INFO] -------------------------------------------------------
[INFO]  T E S T S
[INFO] -------------------------------------------------------
[INFO] Running com.example.bddspring1568818043.DemoApplicationTests
14:56:43.245 [main] DEBUG org.springframework.test.context.junit4.SpringJUnit4ClassRunner - SpringJUnit4ClassRunner constructor called with [class com.example.bddspring1568818043.DemoApplicationTests]
14:56:43.257 [main] DEBUG org.springframework.test.context.BootstrapUtils - Instantiating CacheAwareContextLoaderDelegate from class [org.springframework.test.context.cache.DefaultCacheAwareContextLoaderDelegate]
14:56:43.289 [main] DEBUG org.springframework.test.context.BootstrapUtils - Instantiating BootstrapContext using constructor [public org.springframework.test.context.support.DefaultBootstrapContext(java.lang.Class,org.springframework.test.context.CacheAwareContextLoaderDelegate)]
14:56:43.340 [main] DEBUG org.springframework.test.context.BootstrapUtils - Instantiating TestContextBootstrapper for test class [com.example.bddspring1568818043.DemoApplicationTests] from class [org.springframework.boot.test.context.SpringBootTestContextBootstrapper]
14:56:43.374 [main] INFO org.springframework.boot.test.context.SpringBootTestContextBootstrapper - Neither @ContextConfiguration nor @ContextHierarchy found for test class [com.example.bddspring1568818043.DemoApplicationTests], using SpringBootContextLoader
14:56:43.388 [main] DEBUG org.springframework.test.context.support.AbstractContextLoader - Did not detect default resource location for test class [com.example.bddspring1568818043.DemoApplicationTests]: class path resource [com/example/bddspring1568818043/DemoApplicationTests-context.xml] does not exist
14:56:43.389 [main] DEBUG org.springframework.test.context.support.AbstractContextLoader - Did not detect default resource location for test class [com.example.bddspring1568818043.DemoApplicationTests]: class path resource [com/example/bddspring1568818043/DemoApplicationTestsContext.groovy] does not exist
14:56:43.390 [main] INFO org.springframework.test.context.support.AbstractContextLoader - Could not detect default resource locations for test class [com.example.bddspring1568818043.DemoApplicationTests]: no resource found for suffixes {-context.xml, Context.groovy}.
14:56:43.391 [main] INFO org.springframework.test.context.support.AnnotationConfigContextLoaderUtils - Could not detect default configuration classes for test class [com.example.bddspring1568818043.DemoApplicationTests]: DemoApplicationTests does not declare any static, non-private, non-final, nested classes annotated with @Configuration.
14:56:43.552 [main] DEBUG org.springframework.test.context.support.ActiveProfilesUtils - Could not find an 'annotation declaring class' for annotation type [org.springframework.test.context.ActiveProfiles] and class [com.example.bddspring1568818043.DemoApplicationTests]
14:56:43.781 [main] DEBUG org.springframework.context.annotation.ClassPathScanningCandidateComponentProvider - Identified candidate component class: file [/workspace/source/target/classes/com/example/bddspring1568818043/DemoApplication.class]
14:56:43.796 [main] INFO org.springframework.boot.test.context.SpringBootTestContextBootstrapper - Found @SpringBootConfiguration com.example.bddspring1568818043.DemoApplication for test class com.example.bddspring1568818043.DemoApplicationTests
14:56:43.962 [main] DEBUG org.springframework.boot.test.context.SpringBootTestContextBootstrapper - @TestExecutionListeners is not present for class [com.example.bddspring1568818043.DemoApplicationTests]: using defaults.
14:56:43.968 [main] INFO org.springframework.boot.test.context.SpringBootTestContextBootstrapper - Loaded default TestExecutionListener class names from location [META-INF/spring.factories]: [org.springframework.boot.test.mock.mockito.MockitoTestExecutionListener, org.springframework.boot.test.mock.mockito.ResetMocksTestExecutionListener, org.springframework.boot.test.autoconfigure.restdocs.RestDocsTestExecutionListener, org.springframework.boot.test.autoconfigure.web.client.MockRestServiceServerResetTestExecutionListener, org.springframework.boot.test.autoconfigure.web.servlet.MockMvcPrintOnlyOnFailureTestExecutionListener, org.springframework.boot.test.autoconfigure.web.servlet.WebDriverTestExecutionListener, org.springframework.test.context.web.ServletTestExecutionListener, org.springframework.test.context.support.DirtiesContextBeforeModesTestExecutionListener, org.springframework.test.context.support.DependencyInjectionTestExecutionListener, org.springframework.test.context.support.DirtiesContextTestExecutionListener, org.springframework.test.context.transaction.TransactionalTestExecutionListener, org.springframework.test.context.jdbc.SqlScriptsTestExecutionListener]
14:56:43.999 [main] DEBUG org.springframework.boot.test.context.SpringBootTestContextBootstrapper - Skipping candidate TestExecutionListener [org.springframework.test.context.transaction.TransactionalTestExecutionListener] due to a missing dependency. Specify custom listener classes or make the default listener classes and their required dependencies available. Offending class: [org/springframework/transaction/interceptor/TransactionAttributeSource]
14:56:44.006 [main] DEBUG org.springframework.boot.test.context.SpringBootTestContextBootstrapper - Skipping candidate TestExecutionListener [org.springframework.test.context.jdbc.SqlScriptsTestExecutionListener] due to a missing dependency. Specify custom listener classes or make the default listener classes and their required dependencies available. Offending class: [org/springframework/transaction/interceptor/TransactionAttribute]
14:56:44.010 [main] INFO org.springframework.boot.test.context.SpringBootTestContextBootstrapper - Using TestExecutionListeners: [org.springframework.test.context.web.ServletTestExecutionListener@31368b99, org.springframework.test.context.support.DirtiesContextBeforeModesTestExecutionListener@1725dc0f, org.springframework.boot.test.mock.mockito.MockitoTestExecutionListener@3911c2a7, org.springframework.boot.test.autoconfigure.SpringBootDependencyInjectionTestExecutionListener@4ac3c60d, org.springframework.test.context.support.DirtiesContextTestExecutionListener@4facf68f, org.springframework.boot.test.mock.mockito.ResetMocksTestExecutionListener@76508ed1, org.springframework.boot.test.autoconfigure.restdocs.RestDocsTestExecutionListener@41e36e46, org.springframework.boot.test.autoconfigure.web.client.MockRestServiceServerResetTestExecutionListener@15c43bd9, org.springframework.boot.test.autoconfigure.web.servlet.MockMvcPrintOnlyOnFailureTestExecutionListener@3d74bf60, org.springframework.boot.test.autoconfigure.web.servlet.WebDriverTestExecutionListener@4f209819]
14:56:44.027 [main] DEBUG org.springframework.test.annotation.ProfileValueUtils - Retrieved @ProfileValueSourceConfiguration [null] for test class [com.example.bddspring1568818043.DemoApplicationTests]
14:56:44.034 [main] DEBUG org.springframework.test.annotation.ProfileValueUtils - Retrieved ProfileValueSource type [class org.springframework.test.annotation.SystemProfileValueSource] for class [com.example.bddspring1568818043.DemoApplicationTests]
14:56:44.053 [main] DEBUG org.springframework.test.annotation.ProfileValueUtils - Retrieved @ProfileValueSourceConfiguration [null] for test class [com.example.bddspring1568818043.DemoApplicationTests]
14:56:44.064 [main] DEBUG org.springframework.test.annotation.ProfileValueUtils - Retrieved ProfileValueSource type [class org.springframework.test.annotation.SystemProfileValueSource] for class [com.example.bddspring1568818043.DemoApplicationTests]
14:56:44.066 [main] DEBUG org.springframework.test.annotation.ProfileValueUtils - Retrieved @ProfileValueSourceConfiguration [null] for test class [com.example.bddspring1568818043.DemoApplicationTests]
14:56:44.066 [main] DEBUG org.springframework.test.annotation.ProfileValueUtils - Retrieved ProfileValueSource type [class org.springframework.test.annotation.SystemProfileValueSource] for class [com.example.bddspring1568818043.DemoApplicationTests]
14:56:44.072 [main] DEBUG org.springframework.test.context.support.AbstractDirtiesContextTestExecutionListener - Before test class: context [DefaultTestContext@3835c46 testClass = DemoApplicationTests, testInstance = [null], testMethod = [null], testException = [null], mergedContextConfiguration = [WebMergedContextConfiguration@1dde4cb2 testClass = DemoApplicationTests, locations = '{}', classes = '{class com.example.bddspring1568818043.DemoApplication}', contextInitializerClasses = '[]', activeProfiles = '{}', propertySourceLocations = '{}', propertySourceProperties = '{org.springframework.boot.test.context.SpringBootTestContextBootstrapper=true}', contextCustomizers = set[org.springframework.boot.test.context.filter.ExcludeFilterContextCustomizer@4e7dc304, org.springframework.boot.test.json.DuplicateJsonObjectContextCustomizerFactory$DuplicateJsonObjectContextCustomizer@48503868, org.springframework.boot.test.mock.mockito.MockitoContextCustomizer@0, org.springframework.boot.test.web.client.TestRestTemplateContextCustomizer@1f57539, org.springframework.boot.test.autoconfigure.properties.PropertyMappingContextCustomizer@0, org.springframework.boot.test.autoconfigure.web.servlet.WebDriverContextCustomizerFactory$Customizer@bd8db5a], resourceBasePath = 'src/main/webapp', contextLoader = 'org.springframework.boot.test.context.SpringBootContextLoader', parent = [null]], attributes = map['org.springframework.test.context.web.ServletTestExecutionListener.activateListener' -> true]], class annotated with @DirtiesContext [false] with mode [null].
14:56:44.074 [main] DEBUG org.springframework.test.annotation.ProfileValueUtils - Retrieved @ProfileValueSourceConfiguration [null] for test class [com.example.bddspring1568818043.DemoApplicationTests]
14:56:44.074 [main] DEBUG org.springframework.test.annotation.ProfileValueUtils - Retrieved ProfileValueSource type [class org.springframework.test.annotation.SystemProfileValueSource] for class [com.example.bddspring1568818043.DemoApplicationTests]
14:56:44.119 [main] DEBUG org.springframework.test.context.support.TestPropertySourceUtils - Adding inlined properties to environment: {spring.jmx.enabled=false, org.springframework.boot.test.context.SpringBootTestContextBootstrapper=true, server.port=-1}

  .   ____          _            __ _ _
 /\\ / ___'_ __ _ _(_)_ __  __ _ \ \ \ \
( ( )\___ | '_ | '_| | '_ \/ _` | \ \ \ \
 \\/  ___)| |_)| | | | | || (_| |  ) ) ) )
  '  |____| .__|_| |_|_| |_\__, | / / / /
 =========|_|==============|___/=/_/_/_/
 :: Spring Boot ::        (v2.1.8.RELEASE)

2019-09-18 14:56:44.783  INFO 63 --- [           main] c.e.b.DemoApplicationTests               : Starting DemoApplicationTests on cb-kubecd-bdd-spring-1568818043-kk2rq-1-from-build-pack-rqspb-p with PID 63 (started by root in /workspace/source)
2019-09-18 14:56:44.785  INFO 63 --- [           main] c.e.b.DemoApplicationTests               : No active profile set, falling back to default profiles: default
2019-09-18 14:56:50.196  INFO 63 --- [           main] o.s.s.concurrent.ThreadPoolTaskExecutor  : Initializing ExecutorService 'applicationTaskExecutor'
2019-09-18 14:56:52.039  INFO 63 --- [           main] o.s.b.a.e.web.EndpointLinksResolver      : Exposing 2 endpoint(s) beneath base path '/actuator'
2019-09-18 14:56:52.403  INFO 63 --- [           main] c.e.b.DemoApplicationTests               : Started DemoApplicationTests in 8.267 seconds (JVM running for 10.123)
[INFO] Tests run: 1, Failures: 0, Errors: 0, Skipped: 0, Time elapsed: 9.814 s - in com.example.bddspring1568818043.DemoApplicationTests
2019-09-18 14:56:52.759  INFO 63 --- [       Thread-2] o.s.s.concurrent.ThreadPoolTaskExecutor  : Shutting down ExecutorService 'applicationTaskExecutor'
[INFO] 
[INFO] Results:
[INFO] 
[INFO] Tests run: 1, Failures: 0, Errors: 0, Skipped: 0
[INFO] 
[INFO] 
[INFO] --- maven-jar-plugin:3.1.2:jar (default-jar) @ bdd-spring-1568818043 ---
[INFO] Building jar: /workspace/source/target/bdd-spring-1568818043-0.0.0-SNAPSHOT-PR-1-1.jar
[INFO] 
[INFO] --- spring-boot-maven-plugin:2.1.8.RELEASE:repackage (repackage) @ bdd-spring-1568818043 ---
[INFO] Replacing main artifact with repackaged archive
[INFO] 
[INFO] --- maven-install-plugin:2.5.2:install (default-install) @ bdd-spring-1568818043 ---
[INFO] Installing /workspace/source/target/bdd-spring-1568818043-0.0.0-SNAPSHOT-PR-1-1.jar to /root/.mvnrepository/com/example/bdd-spring-1568818043/0.0.0-SNAPSHOT-PR-1-1/bdd-spring-1568818043-0.0.0-SNAPSHOT-PR-1-1.jar
[INFO] Installing /workspace/source/pom.xml to /root/.mvnrepository/com/example/bdd-spring-1568818043/0.0.0-SNAPSHOT-PR-1-1/bdd-spring-1568818043-0.0.0-SNAPSHOT-PR-1-1.pom
[INFO] ------------------------------------------------------------------------
[INFO] BUILD SUCCESS
[INFO] ------------------------------------------------------------------------
[INFO] Total time:  29.087 s
[INFO] Finished at: 2019-09-18T14:56:57Z
[INFO] ------------------------------------------------------------------------

Showing logs for build [32mcb-kubecd-bdd-spring-1568818043-kk2rq-1[0m stage [32mfrom-build-pack[0m and container [32mstep-build-skaffold-version[0m
v0.37.0

Showing logs for build [32mcb-kubecd-bdd-spring-1568818043-kk2rq-1[0m stage [32mfrom-build-pack[0m and container [32mstep-build-container-build[0m
[36mINFO[0m[0000] Downloading base image openjdk:8-jdk-slim    
ERROR: logging before flag.Parse: E0918 14:56:58.681351      10 metadata.go:142] while reading 'google-dockercfg' metadata: http status code: 404 while fetching url http://metadata.google.internal./computeMetadata/v1/instance/attributes/google-dockercfg
ERROR: logging before flag.Parse: E0918 14:56:58.686310      10 metadata.go:159] while reading 'google-dockercfg-url' metadata: http status code: 404 while fetching url http://metadata.google.internal./computeMetadata/v1/instance/attributes/google-dockercfg-url
2019/09/18 14:56:58 No matching credentials were found, falling back on anonymous
[36mINFO[0m[0001] Error while retrieving image from cache: getting file info: stat /workspace/sha256:1856fc4560475f8bdc32f55d630a4c1beea5593c1d9cd494963db2cdf9d18a38: no such file or directory 
[36mINFO[0m[0001] Downloading base image openjdk:8-jdk-slim    
2019/09/18 14:56:59 No matching credentials were found, falling back on anonymous
[36mINFO[0m[0002] cmd: EXPOSE                                  
[36mINFO[0m[0002] Adding exposed port: 8080/tcp                
[36mINFO[0m[0002] Using files from context: [/workspace/source/pom.xml] 
[36mINFO[0m[0002] Using files from context: [/workspace/source/target/bdd-spring-1568818043-0.0.0-SNAPSHOT-PR-1-1.jar] 
[36mINFO[0m[0002] Skipping unpacking as no commands require it. 
[36mINFO[0m[0002] Taking snapshot of full filesystem...        
[36mINFO[0m[0002] ENV PORT 8080                                
[36mINFO[0m[0002] No files changed in this command, skipping snapshotting. 
[36mINFO[0m[0002] ENV CLASSPATH /opt/lib                       
[36mINFO[0m[0002] No files changed in this command, skipping snapshotting. 
[36mINFO[0m[0002] EXPOSE 8080                                  
[36mINFO[0m[0002] cmd: EXPOSE                                  
[36mINFO[0m[0002] Adding exposed port: 8080/tcp                
[36mINFO[0m[0002] No files changed in this command, skipping snapshotting. 
[36mINFO[0m[0002] Using files from context: [/workspace/source/pom.xml] 
[36mINFO[0m[0002] COPY pom.xml target/lib* /opt/lib/           
[36mINFO[0m[0002] Taking snapshot of files...                  
[36mINFO[0m[0002] Using files from context: [/workspace/source/target/bdd-spring-1568818043-0.0.0-SNAPSHOT-PR-1-1.jar] 
[36mINFO[0m[0002] COPY target/*.jar /opt/app.jar               
[36mINFO[0m[0002] Taking snapshot of files...                  
[36mINFO[0m[0002] WORKDIR /opt                                 
[36mINFO[0m[0002] cmd: workdir                                 
[36mINFO[0m[0002] Changed working directory to /opt            
[36mINFO[0m[0002] No files changed in this command, skipping snapshotting. 
[36mINFO[0m[0002] CMD ["java", "-XX:+UnlockExperimentalVMOptions", "-XX:+UseCGroupMemoryLimitForHeap", "-jar", "app.jar"] 
[36mINFO[0m[0002] No files changed in this command, skipping snapshotting. 
2019/09/18 14:57:01 existing blob: sha256:b8f262c62ec67f02536f49654de586c022043652bbb6bbf76a8dab1542627a8d
2019/09/18 14:57:01 existing blob: sha256:14378903d43db9959a5a046c178ca638c7de1be299cab8830d50651eb785f2ec
2019/09/18 14:57:01 existing blob: sha256:377e264464ddccb9550cff64ba470dfdb784acdb2ff265ae333b9215fc873b08
2019/09/18 14:57:01 existing blob: sha256:3198ebe941513b3be7ff20096fa6f22dc7a8d0f08b20993419825b25acbf050b
2019/09/18 14:57:05 pushed blob: sha256:307d003b4b7adaafafde09e4d18a1aaeb80dddd28a22dcbdc7c6a72a1c99bed5
2019/09/18 14:57:05 pushed blob: sha256:045f5dcad5e68642b44f7cb42f35cba0262830f1ab4ca515a0e18d487b3ff89f
2019/09/18 14:57:06 pushed blob: sha256:a9b4d55d5e30194de084c658a859ad0171878ba67e3a4ba6b94b22e3de1856de
2019/09/18 14:57:08 gcr.io/jenkins-x-bdd3/bdd-spring-1568818043:0.0.0-SNAPSHOT-PR-1-1: digest: sha256:c11ac91e2abba24603b78cf161f2719591eb0b75d7454f6a0b4148ac124e9ad3 size: 1244

Showing logs for build [32mcb-kubecd-bdd-spring-1568818043-kk2rq-1[0m stage [32mfrom-build-pack[0m and container [32mstep-postbuild-post-build[0m
no CVE provider running in the current ** namespace so skip adding image to be analysed

Showing logs for build [32mcb-kubecd-bdd-spring-1568818043-kk2rq-1[0m stage [32mfrom-build-pack[0m and container [32mstep-promote-make-preview[0m
sed -i -e "s/version:.*/version: 0.0.0-SNAPSHOT-PR-1-1/" Chart.yaml
sed -i -e "s/version:.*/version: 0.0.0-SNAPSHOT-PR-1-1/" ../*/Chart.yaml
sed -i -e "s|repository:.*|repository: gcr.io\/jenkins-x-bdd3\/bdd-spring-1568818043|" values.yaml
sed -i -e "s/tag:.*/tag: 0.0.0-SNAPSHOT-PR-1-1/" values.yaml
echo "  version: 0.0.0-SNAPSHOT-PR-1-1" >> requirements.yaml
** step helm build
WARNING: No $CHART_REPOSITORY defined so using the default value of: http://jenkins-x-chartmuseum:8080
Adding missing Helm repo: storage.googleapis.com https://storage.googleapis.com/chartmuseum.jenkins-x.io
Successfully added Helm repository storage.googleapis.com.
Adding missing Helm repo: jenkins-x-chartmuseum http://jenkins-x-chartmuseum:8080
Successfully added Helm repository jenkins-x-chartmuseum.
WARNING: No $CHART_REPOSITORY defined so using the default value of: http://jenkins-x-chartmuseum:8080
Adding missing Helm repo: chartmuseum.jenkins-x.io http://chartmuseum.jenkins-x.io
Successfully added Helm repository chartmuseum.jenkins-x.io.

Showing logs for build [32mcb-kubecd-bdd-spring-1568818043-kk2rq-1[0m stage [32mfrom-build-pack[0m and container [32mstep-promote-jx-preview[0m
Creating a preview
WARNING: No author for commit: dcfa26493cff6778f8b23b513baa159d720f10aa
Created environment cb-kubecd-bdd-spring-1568818043-pr-1
Namespace **-cb-kubecd-bdd-spring-1568818043-pr-1 created 
expose:
  Annotations:
    helm.sh/hook: post-install,post-upgrade
    helm.sh/hook-delete-policy: hook-succeeded
  config:
    domain: 34.77.142.162.nip.io
    exposer: Ingress
    http: "true"
preview:
  image:
    repository: gcr.io/jenkins-x-bdd3/bdd-spring-1568818043
    tag: 0.0.0-SNAPSHOT-PR-1-1
Deleting and cloning the Jenkins X versions repo
Cloning the Jenkins X versions repo https://github.com/jenkins-x/jenkins-x-versions.git with ref refs/heads/master to /builder/home/.**/jenkins-x-versions


Updating PipelineActivities cb-kubecd-bdd-spring-1568818043-pr-1-1 which has status Running
WARNING: preview application http://bdd-spring-1568818043.**-cb-kubecd-bdd-spring-1568818043-pr-1.34.77.142.162.nip.io not available, error was 503 503 Service Temporarily Unavailable, delaying for: 1.252573036s
WARNING: preview application http://bdd-spring-1568818043.**-cb-kubecd-bdd-spring-1568818043-pr-1.34.77.142.162.nip.io not available, error was 503 503 Service Temporarily Unavailable, delaying for: 1.795078749s
WARNING: preview application http://bdd-spring-1568818043.**-cb-kubecd-bdd-spring-1568818043-pr-1.34.77.142.162.nip.io not available, error was 503 503 Service Temporarily Unavailable, delaying for: 1.481238625s
WARNING: preview application http://bdd-spring-1568818043.**-cb-kubecd-bdd-spring-1568818043-pr-1.34.77.142.162.nip.io not available, error was 503 503 Service Temporarily Unavailable, delaying for: 1.955655978s
WARNING: preview application http://bdd-spring-1568818043.**-cb-kubecd-bdd-spring-1568818043-pr-1.34.77.142.162.nip.io not available, error was 503 503 Service Temporarily Unavailable, delaying for: 6.034624474s
WARNING: preview application http://bdd-spring-1568818043.**-cb-kubecd-bdd-spring-1568818043-pr-1.34.77.142.162.nip.io not available, error was 503 503 Service Temporarily Unavailable, delaying for: 7.905852024s
WARNING: preview application http://bdd-spring-1568818043.**-cb-kubecd-bdd-spring-1568818043-pr-1.34.77.142.162.nip.io not available, error was 503 503 Service Temporarily Unavailable, delaying for: 10.515280546s
WARNING: preview application http://bdd-spring-1568818043.**-cb-kubecd-bdd-spring-1568818043-pr-1.34.77.142.162.nip.io not available, error was 503 503 Service Temporarily Unavailable, delaying for: 13.362587s
Preview application is now available at: http://bdd-spring-1568818043.**-cb-kubecd-bdd-spring-1568818043-pr-1.34.77.142.162.nip.io
